C:\C++PROJECTS\STUDY\DUILIB-MASTER\DUILIB\BUILD\RELEASE\DUILIB.PCH
C:\C++PROJECTS\STUDY\DUILIB-MASTER\DUILIB\BUILD\RELEASE\STDAFX.OBJ
C:\C++PROJECTS\STUDY\DUILIB-MASTER\DUILIB\BUILD\RELEASE\VC110.PDB
C:\C++PROJECTS\STUDY\DUILIB-MASTER\DUILIB\BUILD\RELEASE\UIBUTTON.OBJ
C:\C++PROJECTS\STUDY\DUILIB-MASTER\DUILIB\BUILD\RELEASE\UIACTIVEX.OBJ
C:\C++PROJECTS\STUDY\DUILIB-MASTER\DUILIB\BUILD\RELEASE\UIVERTICALLAYOUT.OBJ
C:\C++PROJECTS\STUDY\DUILIB-MASTER\DUILIB\BUILD\RELEASE\UITILELAYOUT.OBJ
C:\C++PROJECTS\STUDY\DUILIB-MASTER\DUILIB\BUILD\RELEASE\UITABLAYOUT.OBJ
C:\C++PROJECTS\STUDY\DUILIB-MASTER\DUILIB\BUILD\RELEASE\UIHORIZONTALLAYOUT.OBJ
C:\C++PROJECTS\STUDY\DUILIB-MASTER\DUILIB\BUILD\RELEASE\UICHILDLAYOUT.OBJ
C:\C++PROJECTS\STUDY\DUILIB-MASTER\DUILIB\BUILD\RELEASE\UIRENDER.OBJ
C:\C++PROJECTS\STUDY\DUILIB-MASTER\DUILIB\BUILD\RELEASE\UIMARKUP.OBJ
C:\C++PROJECTS\STUDY\DUILIB-MASTER\DUILIB\BUILD\RELEASE\UIMANAGER.OBJ
C:\C++PROJECTS\STUDY\DUILIB-MASTER\DUILIB\BUILD\RELEASE\UIDLGBUILDER.OBJ
C:\C++PROJECTS\STUDY\DUILIB-MASTER\DUILIB\BUILD\RELEASE\UICONTROL.OBJ
C:\C++PROJECTS\STUDY\DUILIB-MASTER\DUILIB\BUILD\RELEASE\UICONTAINER.OBJ
C:\C++PROJECTS\STUDY\DUILIB-MASTER\DUILIB\BUILD\RELEASE\UIBASE.OBJ
C:\C++PROJECTS\STUDY\DUILIB-MASTER\DUILIB\BUILD\RELEASE\WNDSHADOW.OBJ
C:\C++PROJECTS\STUDY\DUILIB-MASTER\DUILIB\BUILD\RELEASE\UTILS.OBJ
C:\C++PROJECTS\STUDY\DUILIB-MASTER\DUILIB\BUILD\RELEASE\UIDELEGATE.OBJ
C:\C++PROJECTS\STUDY\DUILIB-MASTER\DUILIB\BUILD\RELEASE\WINIMPLBASE.OBJ
C:\C++PROJECTS\STUDY\DUILIB-MASTER\DUILIB\BUILD\RELEASE\UILIB.OBJ
C:\C++PROJECTS\STUDY\DUILIB-MASTER\DUILIB\BUILD\RELEASE\UITREEVIEW.OBJ
C:\C++PROJECTS\STUDY\DUILIB-MASTER\DUILIB\BUILD\RELEASE\UIWEBBROWSER.OBJ
C:\C++PROJECTS\STUDY\DUILIB-MASTER\DUILIB\BUILD\RELEASE\UITEXT.OBJ
C:\C++PROJECTS\STUDY\DUILIB-MASTER\DUILIB\BUILD\RELEASE\UISLIDER.OBJ
C:\C++PROJECTS\STUDY\DUILIB-MASTER\DUILIB\BUILD\RELEASE\UISCROLLBAR.OBJ
C:\C++PROJECTS\STUDY\DUILIB-MASTER\DUILIB\BUILD\RELEASE\UIRICHEDIT.OBJ
C:\C++PROJECTS\STUDY\DUILIB-MASTER\DUILIB\BUILD\RELEASE\UIPROGRESS.OBJ
C:\C++PROJECTS\STUDY\DUILIB-MASTER\DUILIB\BUILD\RELEASE\UIOPTION.OBJ
C:\C++PROJECTS\STUDY\DUILIB-MASTER\DUILIB\BUILD\RELEASE\UILIST.OBJ
C:\C++PROJECTS\STUDY\DUILIB-MASTER\DUILIB\BUILD\RELEASE\UILABEL.OBJ
C:\C++PROJECTS\STUDY\DUILIB-MASTER\DUILIB\BUILD\RELEASE\UIGIFANIM.OBJ
C:\C++PROJECTS\STUDY\DUILIB-MASTER\DUILIB\BUILD\RELEASE\UIEDIT.OBJ
C:\C++PROJECTS\STUDY\DUILIB-MASTER\DUILIB\BUILD\RELEASE\UIDATETIME.OBJ
C:\C++PROJECTS\STUDY\DUILIB-MASTER\DUILIB\BUILD\RELEASE\UICOMBO.OBJ
C:\C++PROJECTS\STUDY\DUILIB-MASTER\DUILIB\BUILD\RELEASE\UICHECKBOX.OBJ
C:\C++PROJECTS\STUDY\DUILIB-MASTER\DUILIB\BUILD\RELEASE\STB_IMAGE.OBJ
C:\C++PROJECTS\STUDY\DUILIB-MASTER\DUILIB\BUILD\RELEASE\XUNZIP.OBJ
C:\C++Projects\study\duilib-master\Lib\DuiLib.lib
C:\C++Projects\study\duilib-master\Lib\DuiLib.exp
C:\C++PROJECTS\STUDY\DUILIB-MASTER\BIN\DUILIB.DLL
C:\C++PROJECTS\STUDY\DUILIB-MASTER\DUILIB\RELEASE\RELEASE\DUILIB.PDB
C:\C++Projects\study\duilib-master\DuiLib\Build\Release\stb_image.obj
C:\C++Projects\study\duilib-master\DuiLib\Build\Release\StdAfx.obj
C:\C++Projects\study\duilib-master\DuiLib\Build\Release\UIActiveX.obj
C:\C++Projects\study\duilib-master\DuiLib\Build\Release\UIBase.obj
C:\C++Projects\study\duilib-master\DuiLib\Build\Release\UIButton.obj
C:\C++Projects\study\duilib-master\DuiLib\Build\Release\UICheckBox.obj
C:\C++Projects\study\duilib-master\DuiLib\Build\Release\UIChildLayout.obj
C:\C++Projects\study\duilib-master\DuiLib\Build\Release\UICombo.obj
C:\C++Projects\study\duilib-master\DuiLib\Build\Release\UIContainer.obj
C:\C++Projects\study\duilib-master\DuiLib\Build\Release\UIControl.obj
C:\C++Projects\study\duilib-master\DuiLib\Build\Release\UIDateTime.obj
C:\C++Projects\study\duilib-master\DuiLib\Build\Release\UIDelegate.obj
C:\C++Projects\study\duilib-master\DuiLib\Build\Release\UIDlgBuilder.obj
C:\C++Projects\study\duilib-master\DuiLib\Build\Release\UIEdit.obj
C:\C++Projects\study\duilib-master\DuiLib\Build\Release\UIGifAnim.obj
C:\C++Projects\study\duilib-master\DuiLib\Build\Release\UIHorizontalLayout.obj
C:\C++Projects\study\duilib-master\DuiLib\Build\Release\UILabel.obj
C:\C++Projects\study\duilib-master\DuiLib\Build\Release\UIlib.obj
C:\C++Projects\study\duilib-master\DuiLib\Build\Release\UIList.obj
C:\C++Projects\study\duilib-master\DuiLib\Build\Release\UIManager.obj
C:\C++Projects\study\duilib-master\DuiLib\Build\Release\UIMarkup.obj
C:\C++Projects\study\duilib-master\DuiLib\Build\Release\UIOption.obj
C:\C++Projects\study\duilib-master\DuiLib\Build\Release\UIProgress.obj
C:\C++Projects\study\duilib-master\DuiLib\Build\Release\UIRender.obj
C:\C++Projects\study\duilib-master\DuiLib\Build\Release\UIRichEdit.obj
C:\C++Projects\study\duilib-master\DuiLib\Build\Release\UIScrollBar.obj
C:\C++Projects\study\duilib-master\DuiLib\Build\Release\UISlider.obj
C:\C++Projects\study\duilib-master\DuiLib\Build\Release\UITabLayout.obj
C:\C++Projects\study\duilib-master\DuiLib\Build\Release\UIText.obj
C:\C++Projects\study\duilib-master\DuiLib\Build\Release\UITileLayout.obj
C:\C++Projects\study\duilib-master\DuiLib\Build\Release\UITreeView.obj
C:\C++Projects\study\duilib-master\DuiLib\Build\Release\UIVerticalLayout.obj
C:\C++Projects\study\duilib-master\DuiLib\Build\Release\UIWebBrowser.obj
C:\C++Projects\study\duilib-master\DuiLib\Build\Release\Utils.obj
C:\C++Projects\study\duilib-master\DuiLib\Build\Release\WinImplBase.obj
C:\C++Projects\study\duilib-master\DuiLib\Build\Release\WndShadow.obj
C:\C++Projects\study\duilib-master\DuiLib\Build\Release\XUnzip.obj
C:\C++Projects\study\duilib-master\DuiLib\Build\Release\cl.command.1.tlog
C:\C++Projects\study\duilib-master\DuiLib\Build\Release\CL.read.1.tlog
C:\C++Projects\study\duilib-master\DuiLib\Build\Release\CL.write.1.tlog
C:\C++Projects\study\duilib-master\DuiLib\Build\Release\DuiLib.write.1.tlog
C:\C++Projects\study\duilib-master\DuiLib\Build\Release\link.command.1.tlog
C:\C++Projects\study\duilib-master\DuiLib\Build\Release\link.read.1.tlog
C:\C++Projects\study\duilib-master\DuiLib\Build\Release\link.write.1.tlog
C:\C++Projects\study\duilib-master\DuiLib\Build\Release\DuiLib.pch
C:\C++Projects\study\duilib-master\DuiLib\Build\Release\vc110.pdb
