生成启动时间为 2021/5/26 18:35:49。
     1>项目“C:\C++Projects\study\duilib-master\QQDemo\QQDemo.vcxproj”在节点 2 上(Build 个目标)。
       项目文件包含 ToolsVersion="12.0"。此工具集可能未知或缺失。在这种情况下，通过安装 MSBuild 的正确版本，或许可以解决此问题。否则，该 build 可能已因策略原因而被强制为某个特定 ToolsVersion。将该项目视为其已具有 ToolsVersion="4.0"。有关详细信息，请参阅 http://go.microsoft.com/fwlink/?LinkId=291333。
     1>Link:
         C:\Program Files (x86)\Microsoft Visual Studio 11.0\VC\bin\link.exe /ERRORREPORT:PROMPT /OUT:"../bin/QQDemo.exe" /INCREMENTAL:NO /NOLOGO /LIBPATH:"C:\C++Projects\study\duilib-master\lib" duilib.lib kernel32.lib user32.lib gdi32.lib winspool.lib comdlg32.lib advapi32.lib shell32.lib ole32.lib oleaut32.lib uuid.lib odbc32.lib odbccp32.lib /MANIFEST /MANIFESTUAC:"level='asInvoker' uiAccess='false'" /manifest:embed /PDB:".\Release/QQDemo.pdb" /SUBSYSTEM:WINDOWS /TLBID:1 /DYNAMICBASE /NXCOMPAT /IMPLIB:"C:\C++Projects\study\duilib-master\\bin\QQDemo.lib" /MACHINE:X86 /SAFESEH .\Release\QQDemo.res
         .\Release/XUnzip.obj
         .\Release/chat_dialog.obj
         .\Release/ColorPicker.obj
         .\Release/color_skin.obj
         .\Release/debug.obj
         .\Release/main.obj
         .\Release/main_frame.obj
         .\Release/StdAfx.obj
         .\Release/UIFriends.obj
         .\Release/UIGroups.obj
         .\Release/UIListCommonDefine.obj
         .\Release/UIMicroBlog.obj
         QQDemo.vcxproj -> C:\C++Projects\study\duilib-master\\bin\QQDemo.exe
     1>已完成生成项目“C:\C++Projects\study\duilib-master\QQDemo\QQDemo.vcxproj”(Build 个目标)的操作。

生成成功。

已用时间 00:00:00.40
