生成启动时间为 2021/5/26 18:35:29。
     1>项目“C:\C++Projects\study\duilib-master\MenuDemo\MenuDemo.vcxproj”在节点 2 上(Build 个目标)。
       项目文件包含 ToolsVersion="12.0"。此工具集可能未知或缺失。在这种情况下，通过安装 MSBuild 的正确版本，或许可以解决此问题。否则，该 build 可能已因策略原因而被强制为某个特定 ToolsVersion。将该项目视为其已具有 ToolsVersion="4.0"。有关详细信息，请参阅 http://go.microsoft.com/fwlink/?LinkId=291333。
     1>项目“C:\C++Projects\study\duilib-master\MenuDemo\MenuDemo.vcxproj”(1)正在节点 2 上生成“C:\C++Projects\study\duilib-master\DuiLib\DuiLib.vcxproj”(2) (GetTargetPath 个目标)。
       项目文件包含 ToolsVersion="12.0"。此工具集可能未知或缺失。在这种情况下，通过安装 MSBuild 的正确版本，或许可以解决此问题。否则，该 build 可能已因策略原因而被强制为某个特定 ToolsVersion。将该项目视为其已具有 ToolsVersion="4.0"。有关详细信息，请参阅 http://go.microsoft.com/fwlink/?LinkId=291333。
     2>已完成生成项目“C:\C++Projects\study\duilib-master\DuiLib\DuiLib.vcxproj”(GetTargetPath 个目标)的操作。
     1>项目“C:\C++Projects\study\duilib-master\MenuDemo\MenuDemo.vcxproj”(1)正在节点 2 上生成“C:\C++Projects\study\duilib-master\DuiLib\DuiLib.vcxproj”(2:2) (GetNativeManifest 个目标)。
       项目文件包含 ToolsVersion="12.0"。此工具集可能未知或缺失。在这种情况下，通过安装 MSBuild 的正确版本，或许可以解决此问题。否则，该 build 可能已因策略原因而被强制为某个特定 ToolsVersion。将该项目视为其已具有 ToolsVersion="4.0"。有关详细信息，请参阅 http://go.microsoft.com/fwlink/?LinkId=291333。
     2>已完成生成项目“C:\C++Projects\study\duilib-master\DuiLib\DuiLib.vcxproj”(GetNativeManifest 个目标)的操作。
     1>项目“C:\C++Projects\study\duilib-master\MenuDemo\MenuDemo.vcxproj”(1)正在节点 2 上生成“C:\C++Projects\study\duilib-master\DuiLib\DuiLib.vcxproj”(2:3) (GetResolvedLinkLibs 个目标)。
       项目文件包含 ToolsVersion="12.0"。此工具集可能未知或缺失。在这种情况下，通过安装 MSBuild 的正确版本，或许可以解决此问题。否则，该 build 可能已因策略原因而被强制为某个特定 ToolsVersion。将该项目视为其已具有 ToolsVersion="4.0"。有关详细信息，请参阅 http://go.microsoft.com/fwlink/?LinkId=291333。
     2>已完成生成项目“C:\C++Projects\study\duilib-master\DuiLib\DuiLib.vcxproj”(GetResolvedLinkLibs 个目标)的操作。
     1>C:\Program Files (x86)\MSBuild\Microsoft.Cpp\v4.0\V110\Microsoft.CppBuild.targets(1137,5): warning MSB8012: TargetPath(C:\C++Projects\study\duilib-master\MenuDemo\.\Release\MenuDemo.exe) does not match the Linker's OutputFile property value (C:\C++Projects\study\duilib-master\bin\MenuDemo.exe). This may cause your project to build incorrectly. To correct this, please make sure that $(OutDir), $(TargetName) and $(TargetExt) property values match the value specified in %(Link.OutputFile).
     1>Link:
         C:\Program Files (x86)\Microsoft Visual Studio 11.0\VC\bin\link.exe /ERRORREPORT:PROMPT /OUT:"../bin/MenuDemo.exe" /INCREMENTAL:NO /NOLOGO kernel32.lib user32.lib gdi32.lib winspool.lib comdlg32.lib advapi32.lib shell32.lib ole32.lib oleaut32.lib uuid.lib odbc32.lib odbccp32.lib /MANIFEST /MANIFESTUAC:"level='asInvoker' uiAccess='false'" /manifest:embed /PDB:".\Release/MenuDemo.pdb" /SUBSYSTEM:WINDOWS /TLBID:1 /DYNAMICBASE /NXCOMPAT /IMPLIB:".\Release\MenuDemo.lib" /MACHINE:X86 /SAFESEH .\Release\MenuDemo.res
         .\Release/debug.obj
         .\Release/main_frame.obj
         .\Release/SkinSetting.obj
         .\Release/StdAfx.obj
         .\Release/UICrack.obj
         .\Release/UIMenu.obj
         .\Release/main.obj
         "C:\C++Projects\study\duilib-master\Lib\DuiLib.lib"
         MenuDemo.vcxproj -> C:\C++Projects\study\duilib-master\MenuDemo\.\Release\MenuDemo.exe
     1>项目“C:\C++Projects\study\duilib-master\MenuDemo\MenuDemo.vcxproj”(1)正在节点 2 上生成“C:\C++Projects\study\duilib-master\DuiLib\DuiLib.vcxproj”(2:4) (GetCopyToOutputDirectoryItems 个目标)。
       项目文件包含 ToolsVersion="12.0"。此工具集可能未知或缺失。在这种情况下，通过安装 MSBuild 的正确版本，或许可以解决此问题。否则，该 build 可能已因策略原因而被强制为某个特定 ToolsVersion。将该项目视为其已具有 ToolsVersion="4.0"。有关详细信息，请参阅 http://go.microsoft.com/fwlink/?LinkId=291333。
     2>已完成生成项目“C:\C++Projects\study\duilib-master\DuiLib\DuiLib.vcxproj”(GetCopyToOutputDirectoryItems 个目标)的操作。
     1>已完成生成项目“C:\C++Projects\study\duilib-master\MenuDemo\MenuDemo.vcxproj”(Build 个目标)的操作。

生成成功。

已用时间 00:00:00.46
